TN:
SF:src/app.ts
FN:8,(anonymous_1)
FN:16,(anonymous_2)
FNF:2
FNH:0
FNDA:0,(anonymous_1)
FNDA:0,(anonymous_2)
DA:1,0
DA:3,0
DA:4,0
DA:5,0
DA:9,0
DA:10,0
DA:11,0
DA:12,0
DA:13,0
DA:17,0
DA:18,0
DA:22,0
DA:23,0
LF:13
LH:0
BRF:0
BRH:0
end_of_record
TN:
SF:src/config.ts
FN:25,(anonymous_1)
FN:42,(anonymous_2)
FN:46,(anonymous_3)
FN:55,(anonymous_4)
FNF:4
FNH:2
FNDA:5,(anonymous_1)
FNDA:3,(anonymous_2)
FNDA:0,(anonymous_3)
FNDA:0,(anonymous_4)
DA:1,5
DA:2,5
DA:3,5
DA:5,5
DA:23,5
DA:26,5
DA:27,5
DA:28,5
DA:29,5
DA:30,5
DA:31,5
DA:32,5
DA:33,5
DA:34,5
DA:35,5
DA:36,5
DA:37,5
DA:38,5
DA:39,5
DA:43,3
DA:48,0
DA:49,0
DA:50,0
DA:56,0
DA:64,5
LF:25
LH:21
BRDA:26,0,0,5
BRDA:26,0,1,0
BRDA:27,1,0,5
BRDA:27,1,1,0
BRDA:28,2,0,5
BRDA:28,2,1,0
BRDA:29,3,0,5
BRDA:29,3,1,0
BRDA:30,4,0,5
BRDA:30,4,1,0
BRDA:31,5,0,5
BRDA:31,5,1,0
BRDA:32,6,0,5
BRDA:32,6,1,0
BRDA:33,7,0,5
BRDA:33,7,1,0
BRDA:34,8,0,5
BRDA:34,8,1,0
BRDA:35,9,0,5
BRDA:35,9,1,0
BRDA:36,10,0,5
BRDA:36,10,1,0
BRDA:37,11,0,5
BRDA:37,11,1,0
BRDA:38,12,0,5
BRDA:38,12,1,5
BRDA:39,13,0,5
BRDA:39,13,1,5
BRDA:49,14,0,0
BRF:29
BRH:16
end_of_record
TN:
SF:src/routes.ts
FN:9,(anonymous_0)
FN:10,(anonymous_1)
FNF:2
FNH:0
FNDA:0,(anonymous_0)
FNDA:0,(anonymous_1)
DA:1,0
DA:2,0
DA:3,0
DA:4,0
DA:7,0
DA:9,0
DA:10,0
DA:11,0
DA:13,0
DA:14,0
DA:16,0
DA:19,0
LF:12
LH:0
BRF:0
BRH:0
end_of_record
TN:
SF:src/setupDatabase.ts
FN:9,(anonymous_1)
FN:10,(anonymous_2)
FN:13,(anonymous_3)
FN:17,(anonymous_4)
FNF:4
FNH:0
FNDA:0,(anonymous_1)
FNDA:0,(anonymous_2)
FNDA:0,(anonymous_3)
FNDA:0,(anonymous_4)
DA:1,0
DA:3,0
DA:5,0
DA:7,0
DA:9,0
DA:10,0
DA:11,0
DA:14,0
DA:15,0
DA:18,0
DA:19,0
DA:23,0
DA:25,0
LF:13
LH:0
BRF:0
BRH:0
end_of_record
TN:
SF:src/setupServer.ts
FN:32,(anonymous_8)
FN:36,(anonymous_9)
FN:44,(anonymous_10)
FN:65,(anonymous_11)
FN:82,(anonymous_12)
FN:86,(anonymous_13)
FN:87,(anonymous_14)
FN:94,(anonymous_15)
FN:110,(anonymous_16)
FN:121,(anonymous_18)
FN:138,(anonymous_20)
FN:140,(anonymous_21)
FN:145,(anonymous_22)
FNF:13
FNH:0
FNDA:0,(anonymous_8)
FNDA:0,(anonymous_9)
FNDA:0,(anonymous_10)
FNDA:0,(anonymous_11)
FNDA:0,(anonymous_12)
FNDA:0,(anonymous_13)
FNDA:0,(anonymous_14)
FNDA:0,(anonymous_15)
FNDA:0,(anonymous_16)
FNDA:0,(anonymous_18)
FNDA:0,(anonymous_20)
FNDA:0,(anonymous_21)
FNDA:0,(anonymous_22)
DA:1,0
DA:9,0
DA:10,0
DA:11,0
DA:12,0
DA:13,0
DA:14,0
DA:15,0
DA:16,0
DA:17,0
DA:18,0
DA:21,0
DA:22,0
DA:23,0
DA:24,0
DA:26,0
DA:27,0
DA:29,0
DA:33,0
DA:37,0
DA:38,0
DA:39,0
DA:40,0
DA:41,0
DA:45,0
DA:53,0
DA:54,0
DA:55,0
DA:66,0
DA:68,0
DA:74,0
DA:83,0
DA:87,0
DA:88,0
DA:93,0
DA:100,0
DA:101,0
DA:102,0
DA:105,0
DA:111,0
DA:112,0
DA:113,0
DA:114,0
DA:115,0
DA:117,0
DA:122,0
DA:129,0
DA:130,0
DA:132,0
DA:134,0
DA:135,0
DA:139,0
DA:140,0
DA:141,0
DA:146,0
LF:55
LH:0
BRDA:101,0,0,0
BRF:1
BRH:0
end_of_record
TN:
SF:src/features/auth/controllers/current-user.ts
FN:10,(anonymous_8)
FNF:1
FNH:0
FNDA:0,(anonymous_8)
DA:2,0
DA:4,0
DA:5,0
DA:7,0
DA:9,0
DA:11,0
DA:12,0
DA:13,0
DA:14,0
DA:15,0
DA:16,0
DA:17,0
DA:18,0
DA:19,0
DA:21,0
LF:15
LH:0
BRDA:15,0,0,0
BRDA:15,0,1,0
BRDA:16,1,0,0
BRDA:18,2,0,0
BRDA:18,2,1,0
BRDA:18,3,0,0
BRDA:18,3,1,0
BRF:7
BRH:0
end_of_record
TN:
SF:src/features/auth/controllers/password.ts
FN:19,(anonymous_10)
FN:38,(anonymous_12)
FNF:2
FNH:0
FNDA:0,(anonymous_10)
FNDA:0,(anonymous_12)
DA:3,0
DA:4,0
DA:5,0
DA:6,0
DA:7,0
DA:8,0
DA:9,0
DA:10,0
DA:11,0
DA:12,0
DA:13,0
DA:15,0
DA:17,0
DA:19,0
DA:20,0
DA:21,0
DA:22,0
DA:23,0
DA:26,0
DA:27,0
DA:28,0
DA:30,0
DA:31,0
DA:32,0
DA:33,0
DA:38,0
DA:39,0
DA:40,0
DA:41,0
DA:42,0
DA:45,0
DA:46,0
DA:47,0
DA:48,0
DA:51,0
DA:52,0
DA:53,0
DA:54,0
DA:56,0
DA:63,0
DA:64,0
DA:65,0
LF:42
LH:0
BRDA:22,0,0,0
BRDA:41,1,0,0
BRDA:47,2,0,0
BRDA:47,3,0,0
BRDA:47,3,1,0
BRF:5
BRH:0
end_of_record
TN:
SF:src/features/auth/controllers/signin.ts
FN:15,(anonymous_10)
FNF:1
FNH:0
FNDA:0,(anonymous_10)
DA:2,0
DA:3,0
DA:4,0
DA:5,0
DA:7,0
DA:8,0
DA:10,0
DA:11,0
DA:13,0
DA:15,0
DA:16,0
DA:17,0
DA:18,0
DA:19,0
DA:22,0
DA:23,0
DA:24,0
DA:27,0
DA:28,0
DA:39,0
DA:40,0
DA:50,0
LF:22
LH:0
BRDA:18,0,0,0
BRDA:23,1,0,0
BRF:2
BRH:0
end_of_record
TN:
SF:src/features/auth/controllers/signout.ts
FN:5,(anonymous_8)
FNF:1
FNH:0
FNDA:0,(anonymous_8)
DA:1,0
DA:4,0
DA:6,0
DA:7,0
LF:4
LH:0
BRF:0
BRH:0
end_of_record
TN:
SF:src/features/auth/controllers/signup.ts
FN:24,(anonymous_10)
FN:64,(anonymous_12)
FN:77,(anonymous_13)
FN:90,(anonymous_14)
FNF:4
FNH:4
FNDA:2,(anonymous_10)
FNDA:1,(anonymous_12)
FNDA:1,(anonymous_13)
FNDA:1,(anonymous_14)
DA:1,1
DA:3,1
DA:4,1
DA:5,1
DA:7,1
DA:8,1
DA:9,1
DA:11,1
DA:12,1
DA:14,1
DA:16,1
DA:17,1
DA:18,1
DA:20,1
DA:22,1
DA:24,1
DA:25,2
DA:26,2
DA:27,2
DA:28,1
DA:31,1
DA:32,1
DA:33,1
DA:34,1
DA:43,1
DA:44,1
DA:45,0
DA:49,1
DA:50,1
DA:51,1
DA:55,1
DA:56,1
DA:58,1
DA:59,1
DA:61,1
DA:65,1
DA:78,1
DA:79,1
DA:91,1
DA:92,1
LF:40
LH:39
BRDA:27,0,0,1
BRDA:44,1,0,0
BRDA:44,2,0,0
BRDA:44,2,1,1
BRDA:44,3,0,1
BRDA:44,3,1,1
BRF:6
BRH:4
end_of_record
TN:
SF:src/features/auth/models/auth.schema.ts
FN:20,(anonymous_7)
FN:28,(anonymous_8)
FN:34,(anonymous_10)
FN:39,(anonymous_12)
FNF:4
FNH:0
FNDA:0,(anonymous_7)
FNDA:0,(anonymous_8)
FNDA:0,(anonymous_10)
FNDA:0,(anonymous_12)
DA:1,3
DA:3,3
DA:5,3
DA:7,3
DA:21,0
DA:22,0
DA:28,3
DA:29,0
DA:30,0
DA:31,0
DA:34,3
DA:35,0
DA:36,0
DA:39,3
DA:40,0
DA:43,3
DA:44,3
LF:17
LH:9
BRF:0
BRH:0
end_of_record
TN:
SF:src/features/auth/routes/authRoutes.ts
FN:10,(anonymous_1)
FN:14,(anonymous_2)
FN:21,(anonymous_3)
FNF:3
FNH:0
FNDA:0,(anonymous_1)
FNDA:0,(anonymous_2)
FNDA:0,(anonymous_3)
DA:1,0
DA:2,0
DA:3,0
DA:4,0
DA:5,0
DA:11,0
DA:15,0
DA:16,0
DA:18,0
DA:22,0
DA:23,0
DA:24,0
DA:26,0
DA:30,0
LF:14
LH:0
BRF:0
BRH:0
end_of_record
TN:
SF:src/features/auth/routes/currentRoutes.ts
FN:8,(anonymous_1)
FN:12,(anonymous_2)
FNF:2
FNH:0
FNDA:0,(anonymous_1)
FNDA:0,(anonymous_2)
DA:1,0
DA:2,0
DA:3,0
DA:9,0
DA:13,0
DA:15,0
DA:19,0
LF:7
LH:0
BRF:0
BRH:0
end_of_record
TN:
SF:src/features/auth/schemes/password.ts
FNF:0
FNH:0
DA:1,0
DA:3,0
DA:11,0
DA:24,0
LF:4
LH:0
BRF:0
BRH:0
end_of_record
TN:
SF:src/features/auth/schemes/signin.ts
FNF:0
FNH:0
DA:1,0
DA:3,0
DA:18,0
LF:3
LH:0
BRF:0
BRH:0
end_of_record
TN:
SF:src/features/auth/schemes/signup.ts
FNF:0
FNH:0
DA:1,1
DA:3,1
DA:29,1
LF:3
LH:3
BRF:0
BRH:0
end_of_record
TN:
SF:src/features/user/models/user.schema.ts
FNF:0
FNH:0
DA:2,1
DA:4,1
DA:34,1
DA:35,1
LF:4
LH:4
BRF:0
BRH:0
end_of_record
TN:
SF:src/mocks/auth.mock.ts
FN:6,(anonymous_0)
FN:13,(anonymous_1)
FN:66,(anonymous_2)
FN:67,(anonymous_3)
FNF:4
FNH:2
FNDA:10,(anonymous_0)
FNDA:10,(anonymous_1)
FNDA:0,(anonymous_2)
FNDA:0,(anonymous_3)
DA:6,10
DA:13,1
DA:14,10
DA:15,10
DA:16,10
DA:17,10
DA:50,1
DA:59,1
DA:67,0
LF:9
LH:8
BRF:0
BRH:0
end_of_record
TN:
SF:src/shared/globals/decorators/joi-validation.decorator.ts
FN:7,joiValidation
FN:8,(anonymous_8)
FN:11,(anonymous_9)
FNF:3
FNH:3
FNDA:1,joiValidation
FNDA:1,(anonymous_8)
FNDA:10,(anonymous_9)
DA:1,1
DA:7,1
DA:8,1
DA:9,1
DA:11,1
DA:12,10
DA:13,10
DA:14,10
DA:15,8
DA:17,2
DA:19,1
LF:11
LH:11
BRDA:14,0,0,8
BRDA:14,1,0,2
BRDA:14,1,1,8
BRDA:14,2,0,10
BRDA:14,2,1,10
BRF:5
BRH:5
end_of_record
TN:
SF:src/shared/globals/helpers/auth-middleware.ts
FN:8,(anonymous_1)
FN:22,(anonymous_2)
FNF:2
FNH:0
FNDA:0,(anonymous_1)
FNDA:0,(anonymous_2)
DA:2,0
DA:3,0
DA:5,0
DA:7,0
DA:9,0
DA:10,0
DA:13,0
DA:14,0
DA:15,0
DA:17,0
DA:19,0
DA:23,0
DA:24,0
DA:26,0
DA:30,0
LF:15
LH:0
BRDA:9,0,0,0
BRDA:9,1,0,0
BRDA:9,1,1,0
BRDA:9,2,0,0
BRDA:9,2,1,0
BRDA:14,3,0,0
BRDA:14,3,1,0
BRDA:14,4,0,0
BRDA:14,4,1,0
BRDA:23,5,0,0
BRF:10
BRH:0
end_of_record
TN:
SF:src/shared/globals/helpers/cloudinary-upload.ts
FN:3,Uploads
FN:9,(anonymous_2)
FN:17,(anonymous_3)
FN:25,VideoUpload
FN:31,(anonymous_5)
FN:41,(anonymous_6)
FNF:6
FNH:0
FNDA:0,Uploads
FNDA:0,(anonymous_2)
FNDA:0,(anonymous_3)
FNDA:0,VideoUpload
FNDA:0,(anonymous_5)
FNDA:0,(anonymous_6)
DA:1,1
DA:3,1
DA:9,0
DA:10,0
DA:18,0
DA:19,0
DA:25,1
DA:31,0
DA:32,0
DA:42,0
DA:43,0
LF:11
LH:3
BRDA:18,0,0,0
BRDA:42,1,0,0
BRF:2
BRH:0
end_of_record
TN:
SF:src/shared/globals/helpers/error-handler.ts
FN:20,(anonymous_1)
FN:24,(anonymous_2)
FN:37,(anonymous_3)
FN:46,(anonymous_4)
FN:55,(anonymous_5)
FN:64,(anonymous_6)
FN:73,(anonymous_7)
FN:82,(anonymous_8)
FNF:8
FNH:4
FNDA:9,(anonymous_1)
FNDA:9,(anonymous_2)
FNDA:8,(anonymous_3)
FNDA:1,(anonymous_4)
FNDA:0,(anonymous_5)
FNDA:0,(anonymous_6)
FNDA:0,(anonymous_7)
FNDA:0,(anonymous_8)
DA:1,2
DA:16,2
DA:21,9
DA:25,9
DA:33,2
DA:34,8
DA:35,8
DA:38,8
DA:42,2
DA:43,1
DA:44,1
DA:47,1
DA:51,2
DA:52,0
DA:53,0
DA:56,0
DA:60,2
DA:61,0
DA:62,0
DA:65,0
DA:69,2
DA:70,0
DA:71,0
DA:74,0
DA:78,2
DA:79,0
DA:80,0
DA:83,0
LF:28
LH:16
BRF:0
BRH:0
end_of_record
TN:
SF:src/shared/globals/helpers/helpers.ts
FN:2,(anonymous_0)
FN:6,(anonymous_1)
FN:10,(anonymous_2)
FN:14,(anonymous_3)
FN:24,(anonymous_4)
FN:33,(anonymous_5)
FN:38,(anonymous_6)
FN:46,(anonymous_7)
FNF:8
FNH:4
FNDA:2,(anonymous_0)
FNDA:2,(anonymous_1)
FNDA:1,(anonymous_2)
FNDA:1,(anonymous_3)
FNDA:0,(anonymous_4)
FNDA:0,(anonymous_5)
FNDA:0,(anonymous_6)
FNDA:0,(anonymous_7)
DA:1,3
DA:3,2
DA:4,2
DA:6,2
DA:11,1
DA:15,1
DA:16,1
DA:17,1
DA:18,1
DA:19,12
DA:21,1
DA:25,0
DA:26,0
DA:28,0
DA:30,0
DA:34,0
DA:35,0
DA:39,0
DA:40,0
DA:41,0
DA:43,0
DA:47,0
LF:22
LH:11
BRF:0
BRH:0
end_of_record
TN:
SF:src/shared/services/db/auth.service.ts
FN:6,(anonymous_7)
FN:10,(anonymous_9)
FN:20,(anonymous_11)
FN:28,(anonymous_13)
FN:33,(anonymous_15)
FN:38,(anonymous_17)
FNF:6
FNH:0
FNDA:0,(anonymous_7)
FNDA:0,(anonymous_9)
FNDA:0,(anonymous_11)
FNDA:0,(anonymous_13)
FNDA:0,(anonymous_15)
FNDA:0,(anonymous_17)
DA:2,2
DA:3,2
DA:7,0
DA:11,0
DA:21,0
DA:24,0
DA:25,0
DA:29,0
DA:30,0
DA:34,0
DA:35,0
DA:39,0
DA:43,0
DA:47,2
LF:14
LH:3
BRF:0
BRH:0
end_of_record
TN:
SF:src/shared/services/db/user.service.ts
FN:8,(anonymous_8)
FN:12,(anonymous_10)
FN:16,(anonymous_12)
FN:30,(anonymous_14)
FN:39,(anonymous_16)
FN:43,(anonymous_18)
FN:53,(anonymous_20)
FN:63,(anonymous_22)
FN:76,(anonymous_24)
FNF:9
FNH:0
FNDA:0,(anonymous_8)
FNDA:0,(anonymous_10)
FNDA:0,(anonymous_12)
FNDA:0,(anonymous_14)
FNDA:0,(anonymous_16)
FNDA:0,(anonymous_18)
FNDA:0,(anonymous_20)
FNDA:0,(anonymous_22)
FNDA:0,(anonymous_24)
DA:2,1
DA:3,1
DA:5,1
DA:9,0
DA:13,0
DA:17,0
DA:31,0
DA:40,0
DA:44,0
DA:50,0
DA:54,0
DA:60,0
DA:64,0
DA:73,0
DA:77,0
DA:102,1
LF:16
LH:4
BRF:0
BRH:0
end_of_record
TN:
SF:src/shared/services/emails/mail.transport.ts
FN:19,(anonymous_8)
FN:27,(anonymous_10)
FN:53,(anonymous_12)
FNF:3
FNH:0
FNDA:0,(anonymous_8)
FNDA:0,(anonymous_10)
FNDA:0,(anonymous_12)
DA:1,0
DA:3,0
DA:4,0
DA:6,0
DA:15,0
DA:16,0
DA:20,0
DA:21,0
DA:23,0
DA:28,0
DA:37,0
DA:44,0
DA:45,0
DA:46,0
DA:48,0
DA:49,0
DA:54,0
DA:61,0
DA:62,0
DA:63,0
DA:65,0
DA:66,0
DA:71,0
LF:23
LH:0
BRDA:20,0,0,0
BRDA:20,0,1,0
BRDA:20,1,0,0
BRDA:20,1,1,0
BRF:4
BRH:0
end_of_record
TN:
SF:src/shared/services/emails/templates/forgot-password/forgot-password-template.ts
FN:5,(anonymous_1)
FNF:1
FNH:0
FNDA:0,(anonymous_1)
DA:1,0
DA:2,0
DA:6,0
DA:14,0
LF:4
LH:0
BRF:0
BRH:0
end_of_record
TN:
SF:src/shared/services/emails/templates/notifications/notification-template.ts
FN:6,(anonymous_1)
FNF:1
FNH:0
FNDA:0,(anonymous_1)
DA:2,0
DA:3,0
DA:7,0
DA:8,0
DA:17,0
LF:5
LH:0
BRF:0
BRH:0
end_of_record
TN:
SF:src/shared/services/emails/templates/reset-password/reset-password-template.ts
FN:6,(anonymous_1)
FNF:1
FNH:0
FNDA:0,(anonymous_1)
DA:1,0
DA:2,0
DA:7,0
DA:8,0
DA:18,0
LF:5
LH:0
BRF:0
BRH:0
end_of_record
TN:
SF:src/shared/services/queues/auth.queue.ts
FN:6,(anonymous_0)
FN:11,(anonymous_1)
FNF:2
FNH:1
FNDA:1,(anonymous_0)
FNDA:0,(anonymous_1)
DA:2,1
DA:3,1
DA:7,1
DA:8,1
DA:12,0
DA:16,1
LF:6
LH:5
BRF:0
BRH:0
end_of_record
TN:
SF:src/shared/services/queues/base.queue.ts
FN:19,(anonymous_1)
FN:33,(anonymous_2)
FN:37,(anonymous_3)
FN:41,(anonymous_4)
FN:46,(anonymous_5)
FN:50,(anonymous_6)
FNF:6
FNH:0
FNDA:0,(anonymous_1)
FNDA:0,(anonymous_2)
FNDA:0,(anonymous_3)
FNDA:0,(anonymous_4)
FNDA:0,(anonymous_5)
FNDA:0,(anonymous_6)
DA:1,1
DA:2,1
DA:3,1
DA:4,1
DA:5,1
DA:12,1
DA:15,1
DA:20,0
DA:21,0
DA:22,0
DA:23,0
DA:24,0
DA:26,0
DA:31,0
DA:33,0
DA:34,0
DA:37,0
DA:38,0
DA:41,0
DA:42,0
DA:47,0
DA:51,0
LF:22
LH:7
BRF:0
BRH:0
end_of_record
TN:
SF:src/shared/services/queues/email.queue.ts
FN:6,(anonymous_0)
FN:16,(anonymous_1)
FNF:2
FNH:0
FNDA:0,(anonymous_0)
FNDA:0,(anonymous_1)
DA:2,0
DA:3,0
DA:7,0
DA:8,0
DA:9,0
DA:10,0
DA:11,0
DA:12,0
DA:13,0
DA:17,0
DA:21,0
LF:11
LH:0
BRF:0
BRH:0
end_of_record
TN:
SF:src/shared/services/queues/user.queue.ts
FN:6,(anonymous_0)
FN:14,(anonymous_1)
FNF:2
FNH:1
FNDA:1,(anonymous_0)
FNDA:0,(anonymous_1)
DA:1,1
DA:2,1
DA:7,1
DA:8,1
DA:9,1
DA:10,1
DA:11,1
DA:15,0
DA:19,1
LF:9
LH:8
BRF:0
BRH:0
end_of_record
TN:
SF:src/shared/services/redis/base.cache.ts
FN:11,(anonymous_0)
FN:17,(anonymous_1)
FN:18,(anonymous_2)
FNF:3
FNH:0
FNDA:0,(anonymous_0)
FNDA:0,(anonymous_1)
FNDA:0,(anonymous_2)
DA:1,1
DA:3,1
DA:7,1
DA:12,0
DA:13,0
DA:14,0
DA:18,0
DA:19,0
LF:8
LH:3
BRF:0
BRH:0
end_of_record
TN:
SF:src/shared/services/redis/redis.connection.ts
FN:8,(anonymous_7)
FN:12,(anonymous_8)
FNF:2
FNH:0
FNDA:0,(anonymous_7)
FNDA:0,(anonymous_8)
DA:1,0
DA:2,0
DA:5,0
DA:9,0
DA:13,0
DA:14,0
DA:16,0
DA:19,0
DA:24,0
LF:9
LH:0
BRF:0
BRH:0
end_of_record
TN:
SF:src/shared/services/redis/user.cache.ts
FN:15,(anonymous_7)
FN:19,(anonymous_8)
FN:80,(anonymous_10)
FN:110,(anonymous_12)
FN:153,(anonymous_14)
FN:198,(anonymous_16)
FN:214,(anonymous_18)
FNF:7
FNH:0
FNDA:0,(anonymous_7)
FNDA:0,(anonymous_8)
FNDA:0,(anonymous_10)
FNDA:0,(anonymous_12)
FNDA:0,(anonymous_14)
FNDA:0,(anonymous_16)
FNDA:0,(anonymous_18)
DA:2,1
DA:4,1
DA:6,1
DA:7,1
DA:8,1
DA:10,1
DA:14,1
DA:16,0
DA:20,0
DA:41,0
DA:42,0
DA:65,0
DA:66,0
DA:67,0
DA:70,0
DA:71,0
DA:72,0
DA:75,0
DA:76,0
DA:81,0
DA:82,0
DA:83,0
DA:86,0
DA:87,0
DA:88,0
DA:89,0
DA:90,0
DA:91,0
DA:92,0
DA:93,0
DA:94,0
DA:95,0
DA:96,0
DA:97,0
DA:98,0
DA:99,0
DA:100,0
DA:101,0
DA:103,0
DA:105,0
DA:106,0
DA:111,0
DA:112,0
DA:113,0
DA:115,0
DA:116,0
DA:118,0
DA:119,0
DA:120,0
DA:124,0
DA:125,0
DA:127,0
DA:128,0
DA:129,0
DA:130,0
DA:131,0
DA:132,0
DA:133,0
DA:134,0
DA:135,0
DA:136,0
DA:137,0
DA:138,0
DA:139,0
DA:140,0
DA:141,0
DA:142,0
DA:144,0
DA:146,0
DA:148,0
DA:149,0
DA:154,0
DA:155,0
DA:156,0
DA:159,0
DA:160,0
DA:161,0
DA:162,0
DA:164,0
DA:165,0
DA:166,0
DA:167,0
DA:168,0
DA:172,0
DA:173,0
DA:174,0
DA:175,0
DA:176,0
DA:177,0
DA:178,0
DA:179,0
DA:180,0
DA:181,0
DA:182,0
DA:183,0
DA:184,0
DA:185,0
DA:186,0
DA:187,0
DA:188,0
DA:189,0
DA:191,0
DA:193,0
DA:194,0
DA:199,0
DA:200,0
DA:201,0
DA:204,0
DA:205,0
DA:207,0
DA:209,0
DA:210,0
DA:215,0
DA:216,0
DA:217,0
DA:220,0
DA:221,0
DA:223,0
DA:224,0
LF:119
LH:7
BRDA:66,0,0,0
BRDA:82,1,0,0
BRDA:112,2,0,0
BRDA:119,3,0,0
BRDA:155,4,0,0
BRDA:166,5,0,0
BRDA:200,6,0,0
BRDA:216,7,0,0
BRF:8
BRH:0
end_of_record
TN:
SF:src/shared/workers/auth.worker.ts
FN:9,(anonymous_7)
FNF:1
FNH:0
FNDA:0,(anonymous_7)
DA:1,1
DA:2,1
DA:6,1
DA:10,0
DA:11,0
DA:12,0
DA:13,0
DA:14,0
DA:16,0
DA:17,0
DA:22,1
LF:11
LH:4
BRF:0
BRH:0
end_of_record
TN:
SF:src/shared/workers/email.worker.ts
FN:9,(anonymous_7)
FNF:1
FNH:0
FNDA:0,(anonymous_7)
DA:1,0
DA:2,0
DA:6,0
DA:10,0
DA:11,0
DA:12,0
DA:13,0
DA:14,0
DA:16,0
DA:17,0
DA:22,0
LF:11
LH:0
BRF:0
BRH:0
end_of_record
TN:
SF:src/shared/workers/user.worker.ts
FN:9,(anonymous_7)
FN:21,(anonymous_9)
FN:33,(anonymous_11)
FN:45,(anonymous_13)
FNF:4
FNH:0
FNDA:0,(anonymous_7)
FNDA:0,(anonymous_9)
FNDA:0,(anonymous_11)
FNDA:0,(anonymous_13)
DA:3,1
DA:4,1
DA:6,1
DA:10,0
DA:11,0
DA:12,0
DA:13,0
DA:14,0
DA:16,0
DA:17,0
DA:22,0
DA:23,0
DA:24,0
DA:25,0
DA:26,0
DA:28,0
DA:29,0
DA:34,0
DA:35,0
DA:36,0
DA:37,0
DA:38,0
DA:40,0
DA:41,0
DA:46,0
DA:47,0
DA:48,0
DA:49,0
DA:50,0
DA:52,0
DA:53,0
DA:58,1
LF:32
LH:4
BRF:0
BRH:0
end_of_record
